Start testing: Mar 12 18:41 PDT
----------------------------------------------------------
1/3 Testing: ObjectDelineationTest.PerformanceStressTest
1/3 Test: ObjectDelineationTest.PerformanceStressTest
Command: "/Users/sreeyashwanthsaivenkatesh/Documents/Projects/ObjectDelineationCPP/build/test_main_3" "--gtest_filter=ObjectDelineationTest.PerformanceStressTest" "--gtest_also_run_disabled_tests"
Directory: /Users/sreeyashwanthsaivenkatesh/Documents/Projects/ObjectDelineationCPP/build
"ObjectDelineationTest.PerformanceStressTest" start time: Mar 12 18:41 PDT
Output:
----------------------------------------------------------
Note: Google Test filter = ObjectDelineationTest.PerformanceStressTest
[==========] Running 1 test from 1 test suite.
[----------] Global test environment set-up.
[----------] 1 test from ObjectDelineationTest
[ RUN      ] ObjectDelineationTest.PerformanceStressTest
<end of output>
Test time =   0.29 sec
----------------------------------------------------------
Test Failed.
"ObjectDelineationTest.PerformanceStressTest" end time: Mar 12 18:41 PDT
"ObjectDelineationTest.PerformanceStressTest" time elapsed: 00:00:00
----------------------------------------------------------

2/3 Testing: ObjectDelineationTest.PointOutside
2/3 Test: ObjectDelineationTest.PointOutside
Command: "/Users/sreeyashwanthsaivenkatesh/Documents/Projects/ObjectDelineationCPP/build/test_main_3" "--gtest_filter=ObjectDelineationTest.PointOutside" "--gtest_also_run_disabled_tests"
Directory: /Users/sreeyashwanthsaivenkatesh/Documents/Projects/ObjectDelineationCPP/build
"ObjectDelineationTest.PointOutside" start time: Mar 12 18:41 PDT
Output:
----------------------------------------------------------
Note: Google Test filter = ObjectDelineationTest.PointOutside
[==========] Running 1 test from 1 test suite.
[----------] Global test environment set-up.
[----------] 1 test from ObjectDelineationTest
[ RUN      ] ObjectDelineationTest.PointOutside
[       OK ] ObjectDelineationTest.PointOutside (0 ms)
[----------] 1 test from ObjectDelineationTest (0 ms total)

[----------] Global test environment tear-down
[==========] 1 test from 1 test suite ran. (0 ms total)
[  PASSED  ] 1 test.
<end of output>
Test time =   0.00 sec
----------------------------------------------------------
Test Passed.
"ObjectDelineationTest.PointOutside" end time: Mar 12 18:41 PDT
"ObjectDelineationTest.PointOutside" time elapsed: 00:00:00
----------------------------------------------------------

3/3 Testing: AllTests
3/3 Test: AllTests
Command: "/Users/sreeyashwanthsaivenkatesh/Documents/Projects/ObjectDelineationCPP/build/test_main_3"
Directory: /Users/sreeyashwanthsaivenkatesh/Documents/Projects/ObjectDelineationCPP/build
"AllTests" start time: Mar 12 18:41 PDT
Output:
----------------------------------------------------------
[==========] Running 2 tests from 1 test suite.
[----------] Global test environment set-up.
[----------] 2 tests from ObjectDelineationTest
[ RUN      ] ObjectDelineationTest.PerformanceStressTest
<end of output>
Test time =   0.26 sec
----------------------------------------------------------
Test Failed.
"AllTests" end time: Mar 12 18:41 PDT
"AllTests" time elapsed: 00:00:00
----------------------------------------------------------

End testing: Mar 12 18:41 PDT
